<?xml version="1.0" encoding="UTF-8"?><testsuite errors="0" failures="0" name="org.eusebia.features.admin.PostTest" skipped="0" tests="5" time="114.51" timestamp="2023-02-26 05:32:29"><testcase classname="org.eusebia.features.admin.PostTest" name="Comment text is required"/><testcase classname="org.eusebia.features.admin.PostTest" name="Can not comment on post if not logged in"/><testcase classname="org.eusebia.features.admin.PostTest" name="Can create post"/><testcase classname="org.eusebia.features.admin.PostTest" name="Can open posts page"/><testcase classname="org.eusebia.features.admin.PostTest" name="Can comment on post if logged in"/></testsuite>