<?xml version="1.0" encoding="UTF-8"?><testsuite errors="0" failures="0" name="org.eusebia.features.account.RegisterTest" skipped="0" tests="4" time="49.01" timestamp="2023-02-26 05:30:26"><testcase classname="org.eusebia.features.account.RegisterTest" name="Verify email required field test"/><testcase classname="org.eusebia.features.account.RegisterTest" name="Verify password required field test"/><testcase classname="org.eusebia.features.account.RegisterTest" name="User is already registered"/><testcase classname="org.eusebia.features.account.RegisterTest" name="Valid register test"/></testsuite>