<?xml version="1.0" encoding="UTF-8"?><testsuite errors="2" failures="0" name="org.eusebia.features.account.LoginPageTest" skipped="0" tests="2" time="7.59" timestamp="2023-02-23 09:23:44"><testcase classname="org.eusebia.features.account.LoginPageTest" name="Test login with valid credentials"><error message="Cannot invoke &quot;org.openqa.selenium.WebElement.sendKeys(java.lang.CharSequence[])&quot; because &quot;element&quot; is null" type="java.lang.NullPointerException">Cannot invoke "org.openqa.selenium.WebElement.sendKeys(java.lang.CharSequence[])" because "element" is null</error><system-err>Cannot invoke "org.openqa.selenium.WebElement.sendKeys(java.lang.CharSequence[])" because "element" is null
org.eusebia.pages.LoginPage.setUsernameField(LoginPage.java:22)
org.eusebia.features.account.LoginPageTest.testLoginWithValidCredentials(LoginPageTest.java:14)
</system-err></testcase><testcase classname="org.eusebia.features.account.LoginPageTest" name="Test login with invalid credentials"><error message="Cannot invoke &quot;org.openqa.selenium.WebElement.sendKeys(java.lang.CharSequence[])&quot; because &quot;element&quot; is null" type="java.lang.NullPointerException">Cannot invoke "org.openqa.selenium.WebElement.sendKeys(java.lang.CharSequence[])" because "element" is null</error><system-err>Cannot invoke "org.openqa.selenium.WebElement.sendKeys(java.lang.CharSequence[])" because "element" is null
org.eusebia.pages.LoginPage.setUsernameField(LoginPage.java:22)
org.eusebia.features.account.LoginPageTest.testLoginWithInvalidCredentials(LoginPageTest.java:23)
</system-err></testcase></testsuite>