<?xml version="1.0" encoding="UTF-8"?><testsuite errors="0" failures="0" name="org.eusebia.features.account.LoginTest" skipped="0" tests="4" time="25.1" timestamp="2023-02-23 10:03:58"><testcase classname="org.eusebia.features.account.LoginTest" name="Verify password required field test"/><testcase classname="org.eusebia.features.account.LoginTest" name="Invalid email login test"/><testcase classname="org.eusebia.features.account.LoginTest" name="Valid login test"/><testcase classname="org.eusebia.features.account.LoginTest" name="Invalid password login test"/></testsuite>