<?xml version="1.0" encoding="UTF-8"?><testsuite errors="0" failures="0" name="org.eusebia.features.account.LoginTest" skipped="0" tests="6" time="74.61" timestamp="2023-02-26 05:29:06"><testcase classname="org.eusebia.features.account.LoginTest" name="Valid login with email test"/><testcase classname="org.eusebia.features.account.LoginTest" name="Verify password required field test"/><testcase classname="org.eusebia.features.account.LoginTest" name="Verify username required field test"/><testcase classname="org.eusebia.features.account.LoginTest" name="Invalid password login test"/><testcase classname="org.eusebia.features.account.LoginTest" name="Valid login with username test"/><testcase classname="org.eusebia.features.account.LoginTest" name="Invalid email address test"/></testsuite>