<?xml version="1.0" encoding="UTF-8"?><testsuite errors="0" failures="0" name="org.eusebia.features.cart.CartTest" skipped="0" tests="7" time="109.57" timestamp="2023-02-26 05:34:25"><testcase classname="org.eusebia.features.cart.CartTest" name="Check invalid coupon"/><testcase classname="org.eusebia.features.cart.CartTest" name="Check add product to cart"/><testcase classname="org.eusebia.features.cart.CartTest" name="Check valid coupon"/><testcase classname="org.eusebia.features.cart.CartTest" name="Check cart is empty by default"/><testcase classname="org.eusebia.features.cart.CartTest" name="Check update cart"/><testcase classname="org.eusebia.features.cart.CartTest" name="Check coupon value is required"/><testcase classname="org.eusebia.features.cart.CartTest" name="Check cart total"/></testsuite>