<?xml version="1.0" encoding="UTF-8"?><testsuite errors="0" failures="0" name="org.eusebia.features.shop.PaginationTest" skipped="0" tests="6" time="45.26" timestamp="2023-02-26 05:36:59"><testcase classname="org.eusebia.features.shop.PaginationTest" name="Check change page using page number"/><testcase classname="org.eusebia.features.shop.PaginationTest" name="Check change to next page"/><testcase classname="org.eusebia.features.shop.PaginationTest" name="Check prev page arrow not visible on first page"/><testcase classname="org.eusebia.features.shop.PaginationTest" name="Check next page arrow not visible on last page"/><testcase classname="org.eusebia.features.shop.PaginationTest" name="Check change to prev page"/><testcase classname="org.eusebia.features.shop.PaginationTest" name="Check default page number"/></testsuite>